<?xml version="1.0" encoding="UTF-8"?>
<testng-results skipped="0" failed="0" ignored="0" total="1" passed="1">
  <reporter-output>
  </reporter-output>
  <suite name="Default suite" duration-ms="3578" started-at="2020-04-27T10:37:40Z" finished-at="2020-04-27T10:37:43Z">
    <groups>
    </groups>
    <test name="Default test" duration-ms="3578" started-at="2020-04-27T10:37:40Z" finished-at="2020-04-27T10:37:43Z">
      <class name="fmdemo.Homepagetest">
        <test-method status="PASS" signature="Verifylogin()[pri:0, instance:fmdemo.Homepagetest@74f035]" name="Verifylogin" duration-ms="3471" started-at="2020-04-27T10:37:40Z" finished-at="2020-04-27T10:37:43Z">
          <reporter-output>
          </reporter-output>
        </test-method> <!-- Verifylogin -->
      </class> <!-- fmdemo.Homepagetest -->
    </test> <!-- Default test -->
  </suite> <!-- Default suite -->
</testng-results>
